\BOOKMARK [1][-]{section.1}{Introduction}{}% 1
\BOOKMARK [2][-]{subsection.1.1}{Overview}{section.1}% 2
\BOOKMARK [2][-]{subsection.1.2}{Data Workflow \046 Data Modules}{section.1}% 3
\BOOKMARK [2][-]{subsection.1.3}{File structure}{section.1}% 4
\BOOKMARK [2][-]{subsection.1.4}{Running the main module}{section.1}% 5
\BOOKMARK [1][-]{section.2}{Data formats: Inputs and Outputs}{}% 6
\BOOKMARK [2][-]{subsection.2.1}{FLAME output data}{section.2}% 7
\BOOKMARK [3][-]{subsubsection.2.1.1}{Simulation data}{subsection.2.1}% 8
\BOOKMARK [3][-]{subsubsection.2.1.2}{Data heterogeneity}{subsection.2.1}% 9
\BOOKMARK [3][-]{subsubsection.2.1.3}{Data dimensions in the XML output}{subsection.2.1}% 10
\BOOKMARK [3][-]{subsubsection.2.1.4}{Data dimensions in the HDF5 file}{subsection.2.1}% 11
\BOOKMARK [3][-]{subsubsection.2.1.5}{File format specifications}{subsection.2.1}% 12
\BOOKMARK [2][-]{subsection.2.2}{Data preparation}{section.2}% 13
\BOOKMARK [3][-]{subsubsection.2.2.1}{Data conversion scripts}{subsection.2.2}% 14
\BOOKMARK [2][-]{subsection.2.3}{Usage of the conversion scripts}{section.2}% 15
\BOOKMARK [3][-]{subsubsection.2.3.1}{Converting files: per-run SQLite db to per-run h5}{subsection.2.3}% 16
\BOOKMARK [3][-]{subsubsection.2.3.2}{Converting files: per-run SQLite db to per-run h5}{subsection.2.3}% 17
\BOOKMARK [3][-]{subsubsection.2.3.3}{Converting files: h5 per-run to h5 per-agent-type}{subsection.2.3}% 18
\BOOKMARK [3][-]{subsubsection.2.3.4}{Results}{subsection.2.3}% 19
\BOOKMARK [2][-]{subsection.2.4}{Performance benchmarks}{section.2}% 20
\BOOKMARK [1][-]{section.3}{FLAViz Configuration files}{}% 21
\BOOKMARK [2][-]{subsection.3.1}{File: config.yaml}{section.3}% 22
\BOOKMARK [2][-]{subsection.3.2}{File: plot.yaml}{section.3}% 23
\BOOKMARK [2][-]{subsection.3.3}{File: transform.yaml}{section.3}% 24
\BOOKMARK [3][-]{subsubsection.3.3.1}{Definitions of data transformations}{subsection.3.3}% 25
\BOOKMARK [1][-]{section.4}{Walkthrough and Tutorial examples}{}% 26
\BOOKMARK [2][-]{subsubsection.4.0.2}{Example 1}{section.4}% 27
\BOOKMARK [3][-]{subsubsection.4.0.3}{Example 2}{subsubsection.4.0.2}% 28
\BOOKMARK [3][-]{subsubsection.4.0.4}{Example 3}{subsubsection.4.0.2}% 29
\BOOKMARK [3][-]{subsubsection.4.0.5}{Example 4}{subsubsection.4.0.2}% 30
\BOOKMARK [3][-]{subsubsection.4.0.6}{Example 5}{subsubsection.4.0.2}% 31
\BOOKMARK [3][-]{subsubsection.4.0.7}{Example 6}{subsubsection.4.0.2}% 32
\BOOKMARK [3][-]{subsubsection.4.0.8}{Example 7}{subsubsection.4.0.2}% 33
\BOOKMARK [3][-]{subsubsection.4.0.9}{Example 8}{subsubsection.4.0.2}% 34
\BOOKMARK [3][-]{subsubsection.4.0.10}{Example 9}{subsubsection.4.0.2}% 35
\BOOKMARK [1][-]{section.5}{FLAViz FAQ}{}% 36
